109.03.02 08:35 B D:\CQ_Thue\HTKK2.0\Noi_dung_dia_CD\Huong dan cai dat HTKK2.0 - Cung cap cho DN_files\filelist.xml <-- cuc /Programs/HTKK/HTKK2.0/Noi_dung_dia_CD/Huong dan cai dat HTKK2.0 - Cung cap cho DN_files filelist.xml
109.03.02 08:35 B D:\CQ_Thue\HTKK2.0\Noi_dung_dia_CD\Huong dan cai dat HTKK2.0 - Cung cap cho DN_files\header.htm <-- cuc /Programs/HTKK/HTKK2.0/Noi_dung_dia_CD/Huong dan cai dat HTKK2.0 - Cung cap cho DN_files header.htm
109.03.02 08:35 B D:\CQ_Thue\HTKK2.0\Noi_dung_dia_CD\Huong dan cai dat HTKK2.0 - Cung cap cho DN_files\image001.gif <-- cuc /Programs/HTKK/HTKK2.0/Noi_dung_dia_CD/Huong dan cai dat HTKK2.0 - Cung cap cho DN_files image001.gif
109.03.02 08:35 B D:\CQ_Thue\HTKK2.0\Noi_dung_dia_CD\Huong dan cai dat HTKK2.0 - Cung cap cho DN_files\image002.gif <-- cuc /Programs/HTKK/HTKK2.0/Noi_dung_dia_CD/Huong dan cai dat HTKK2.0 - Cung cap cho DN_files image002.gif
109.03.02 08:35 B D:\CQ_Thue\HTKK2.0\Noi_dung_dia_CD\Huong dan cai dat HTKK2.0 - Cung cap cho DN_files\image003.png <-- cuc /Programs/HTKK/HTKK2.0/Noi_dung_dia_CD/Huong dan cai dat HTKK2.0 - Cung cap cho DN_files image003.png
109.03.02 08:35 B D:\CQ_Thue\HTKK2.0\Noi_dung_dia_CD\Huong dan cai dat HTKK2.0 - Cung cap cho DN_files\image004.jpg <-- cuc /Programs/HTKK/HTKK2.0/Noi_dung_dia_CD/Huong dan cai dat HTKK2.0 - Cung cap cho DN_files image004.jpg
109.03.02 08:35 B D:\CQ_Thue\HTKK2.0\Noi_dung_dia_CD\Huong dan cai dat HTKK2.0 - Cung cap cho DN_files\image005.png <-- cuc /Programs/HTKK/HTKK2.0/Noi_dung_dia_CD/Huong dan cai dat HTKK2.0 - Cung cap cho DN_files image005.png
109.03.02 08:35 B D:\CQ_Thue\HTKK2.0\Noi_dung_dia_CD\Huong dan cai dat HTKK2.0 - Cung cap cho DN_files\image006.jpg <-- cuc /Programs/HTKK/HTKK2.0/Noi_dung_dia_CD/Huong dan cai dat HTKK2.0 - Cung cap cho DN_files image006.jpg
109.03.02 08:35 B D:\CQ_Thue\HTKK2.0\Noi_dung_dia_CD\Huong dan cai dat HTKK2.0 - Cung cap cho DN_files\image007.png <-- cuc /Programs/HTKK/HTKK2.0/Noi_dung_dia_CD/Huong dan cai dat HTKK2.0 - Cung cap cho DN_files image007.png
109.03.02 08:35 B D:\CQ_Thue\HTKK2.0\Noi_dung_dia_CD\Huong dan cai dat HTKK2.0 - Cung cap cho DN_files\image008.jpg <-- cuc /Programs/HTKK/HTKK2.0/Noi_dung_dia_CD/Huong dan cai dat HTKK2.0 - Cung cap cho DN_files image008.jpg
109.03.02 08:35 B D:\CQ_Thue\HTKK2.0\Noi_dung_dia_CD\Huong dan cai dat HTKK2.0 - Cung cap cho DN_files\image009.png <-- cuc /Programs/HTKK/HTKK2.0/Noi_dung_dia_CD/Huong dan cai dat HTKK2.0 - Cung cap cho DN_files image009.png
109.03.02 08:35 B D:\CQ_Thue\HTKK2.0\Noi_dung_dia_CD\Huong dan cai dat HTKK2.0 - Cung cap cho DN_files\image010.jpg <-- cuc /Programs/HTKK/HTKK2.0/Noi_dung_dia_CD/Huong dan cai dat HTKK2.0 - Cung cap cho DN_files image010.jpg
109.03.02 08:35 B D:\CQ_Thue\HTKK2.0\Noi_dung_dia_CD\Huong dan cai dat HTKK2.0 - Cung cap cho DN_files\image011.png <-- cuc /Programs/HTKK/HTKK2.0/Noi_dung_dia_CD/Huong dan cai dat HTKK2.0 - Cung cap cho DN_files image011.png
109.03.02 08:35 B D:\CQ_Thue\HTKK2.0\Noi_dung_dia_CD\Huong dan cai dat HTKK2.0 - Cung cap cho DN_files\image012.jpg <-- cuc /Programs/HTKK/HTKK2.0/Noi_dung_dia_CD/Huong dan cai dat HTKK2.0 - Cung cap cho DN_files image012.jpg
109.03.02 08:35 B D:\CQ_Thue\HTKK2.0\Noi_dung_dia_CD\Huong dan cai dat HTKK2.0 - Cung cap cho DN_files\image013.png <-- cuc /Programs/HTKK/HTKK2.0/Noi_dung_dia_CD/Huong dan cai dat HTKK2.0 - Cung cap cho DN_files image013.png
109.03.02 08:35 B D:\CQ_Thue\HTKK2.0\Noi_dung_dia_CD\Huong dan cai dat HTKK2.0 - Cung cap cho DN_files\image014.jpg <-- cuc /Programs/HTKK/HTKK2.0/Noi_dung_dia_CD/Huong dan cai dat HTKK2.0 - Cung cap cho DN_files image014.jpg
109.03.02 08:35 B D:\CQ_Thue\HTKK2.0\Noi_dung_dia_CD\Huong dan cai dat HTKK2.0 - Cung cap cho DN_files\image015.png <-- cuc /Programs/HTKK/HTKK2.0/Noi_dung_dia_CD/Huong dan cai dat HTKK2.0 - Cung cap cho DN_files image015.png
109.03.02 08:35 B D:\CQ_Thue\HTKK2.0\Noi_dung_dia_CD\Huong dan cai dat HTKK2.0 - Cung cap cho DN_files\image016.jpg <-- cuc /Programs/HTKK/HTKK2.0/Noi_dung_dia_CD/Huong dan cai dat HTKK2.0 - Cung cap cho DN_files image016.jpg
109.03.02 08:35 B D:\CQ_Thue\HTKK2.0\Noi_dung_dia_CD\Huong dan cai dat HTKK2.0 - Cung cap cho DN_files\image017.png <-- cuc /Programs/HTKK/HTKK2.0/Noi_dung_dia_CD/Huong dan cai dat HTKK2.0 - Cung cap cho DN_files image017.png
109.03.02 08:35 B D:\CQ_Thue\HTKK2.0\Noi_dung_dia_CD\Huong dan cai dat HTKK2.0 - Cung cap cho DN_files\image018.jpg <-- cuc /Programs/HTKK/HTKK2.0/Noi_dung_dia_CD/Huong dan cai dat HTKK2.0 - Cung cap cho DN_files image018.jpg
109.03.02 08:35 B D:\CQ_Thue\HTKK2.0\Noi_dung_dia_CD\Huong dan cai dat HTKK2.0 - Cung cap cho DN_files\image019.png <-- cuc /Programs/HTKK/HTKK2.0/Noi_dung_dia_CD/Huong dan cai dat HTKK2.0 - Cung cap cho DN_files image019.png
109.03.02 08:35 B D:\CQ_Thue\HTKK2.0\Noi_dung_dia_CD\Huong dan cai dat HTKK2.0 - Cung cap cho DN_files\image020.jpg <-- cuc /Programs/HTKK/HTKK2.0/Noi_dung_dia_CD/Huong dan cai dat HTKK2.0 - Cung cap cho DN_files image020.jpg
109.03.02 08:35 B D:\CQ_Thue\HTKK2.0\Noi_dung_dia_CD\Huong dan cai dat HTKK2.0 - Cung cap cho DN_files\image021.png <-- cuc /Programs/HTKK/HTKK2.0/Noi_dung_dia_CD/Huong dan cai dat HTKK2.0 - Cung cap cho DN_files image021.png
109.03.02 08:35 B D:\CQ_Thue\HTKK2.0\Noi_dung_dia_CD\Huong dan cai dat HTKK2.0 - Cung cap cho DN_files\image022.jpg <-- cuc /Programs/HTKK/HTKK2.0/Noi_dung_dia_CD/Huong dan cai dat HTKK2.0 - Cung cap cho DN_files image022.jpg
